  Source.cpp
C:\Users\User\Documents\Trash\Оаип\Lab2\Task1\Source.cpp(11,9): warning C4566: character represented by universal-character-name '\u0412' cannot be represented in the current code page (1252)
C:\Users\User\Documents\Trash\Оаип\Lab2\Task1\Source.cpp(11,9): warning C4566: character represented by universal-character-name '\u0432' cannot be represented in the current code page (1252)
C:\Users\User\Documents\Trash\Оаип\Lab2\Task1\Source.cpp(11,9): warning C4566: character represented by universal-character-name '\u0435' cannot be represented in the current code page (1252)
C:\Users\User\Documents\Trash\Оаип\Lab2\Task1\Source.cpp(11,9): warning C4566: character represented by universal-character-name '\u0434' cannot be represented in the current code page (1252)
C:\Users\User\Documents\Trash\Оаип\Lab2\Task1\Source.cpp(11,9): warning C4566: character represented by universal-character-name '\u0438' cannot be represented in the current code page (1252)
C:\Users\User\Documents\Trash\Оаип\Lab2\Task1\Source.cpp(11,9): warning C4566: character represented by universal-character-name '\u0442' cannot be represented in the current code page (1252)
C:\Users\User\Documents\Trash\Оаип\Lab2\Task1\Source.cpp(11,9): warning C4566: character represented by universal-character-name '\u044B' cannot be represented in the current code page (1252)
C:\Users\User\Documents\Trash\Оаип\Lab2\Task1\Source.cpp(11,9): warning C4566: character represented by universal-character-name '\u0441' cannot be represented in the current code page (1252)
C:\Users\User\Documents\Trash\Оаип\Lab2\Task1\Source.cpp(11,9): warning C4566: character represented by universal-character-name '\u043E' cannot be represented in the current code page (1252)
C:\Users\User\Documents\Trash\Оаип\Lab2\Task1\Source.cpp(11,9): warning C4566: character represented by universal-character-name '\u0443' cannot be represented in the current code page (1252)
C:\Users\User\Documents\Trash\Оаип\Lab2\Task1\Source.cpp(11,9): warning C4566: character represented by universal-character-name '\u043C' cannot be represented in the current code page (1252)
C:\Users\User\Documents\Trash\Оаип\Lab2\Task1\Source.cpp(11,9): warning C4566: character represented by universal-character-name '\u0440' cannot be represented in the current code page (1252)
C:\Users\User\Documents\Trash\Оаип\Lab2\Task1\Source.cpp(11,9): warning C4566: character represented by universal-character-name '\u0430' cannot be represented in the current code page (1252)
C:\Users\User\Documents\Trash\Оаип\Lab2\Task1\Source.cpp(11,9): warning C4566: character represented by universal-character-name '\u0445' cannot be represented in the current code page (1252)
C:\Users\User\Documents\Trash\Оаип\Lab2\Task1\Source.cpp(14,9): warning C4566: character represented by universal-character-name '\u041F' cannot be represented in the current code page (1252)
C:\Users\User\Documents\Trash\Оаип\Lab2\Task1\Source.cpp(14,9): warning C4566: character represented by universal-character-name '\u0440' cannot be represented in the current code page (1252)
C:\Users\User\Documents\Trash\Оаип\Lab2\Task1\Source.cpp(14,9): warning C4566: character represented by universal-character-name '\u0435' cannot be represented in the current code page (1252)
C:\Users\User\Documents\Trash\Оаип\Lab2\Task1\Source.cpp(14,9): warning C4566: character represented by universal-character-name '\u0434' cannot be represented in the current code page (1252)
C:\Users\User\Documents\Trash\Оаип\Lab2\Task1\Source.cpp(14,9): warning C4566: character represented by universal-character-name '\u043C' cannot be represented in the current code page (1252)
C:\Users\User\Documents\Trash\Оаип\Lab2\Task1\Source.cpp(14,9): warning C4566: character represented by universal-character-name '\u0442' cannot be represented in the current code page (1252)
C:\Users\User\Documents\Trash\Оаип\Lab2\Task1\Source.cpp(14,9): warning C4566: character represented by universal-character-name '\u0441' cannot be represented in the current code page (1252)
C:\Users\User\Documents\Trash\Оаип\Lab2\Task1\Source.cpp(14,9): warning C4566: character represented by universal-character-name '\u0432' cannot be represented in the current code page (1252)
C:\Users\User\Documents\Trash\Оаип\Lab2\Task1\Source.cpp(14,9): warning C4566: character represented by universal-character-name '\u044B' cannot be represented in the current code page (1252)
C:\Users\User\Documents\Trash\Оаип\Lab2\Task1\Source.cpp(14,9): warning C4566: character represented by universal-character-name '\u043E' cannot be represented in the current code page (1252)
C:\Users\User\Documents\Trash\Оаип\Lab2\Task1\Source.cpp(15,9): warning C4566: character represented by universal-character-name '\u041E' cannot be represented in the current code page (1252)
C:\Users\User\Documents\Trash\Оаип\Lab2\Task1\Source.cpp(15,9): warning C4566: character represented by universal-character-name '\u043D' cannot be represented in the current code page (1252)
C:\Users\User\Documents\Trash\Оаип\Lab2\Task1\Source.cpp(15,9): warning C4566: character represented by universal-character-name '\u043A' cannot be represented in the current code page (1252)
C:\Users\User\Documents\Trash\Оаип\Lab2\Task1\Source.cpp(15,9): warning C4566: character represented by universal-character-name '\u043E' cannot be represented in the current code page (1252)
C:\Users\User\Documents\Trash\Оаип\Lab2\Task1\Source.cpp(15,9): warning C4566: character represented by universal-character-name '\u0441' cannot be represented in the current code page (1252)
C:\Users\User\Documents\Trash\Оаип\Lab2\Task1\Source.cpp(15,9): warning C4566: character represented by universal-character-name '\u0435' cannot be represented in the current code page (1252)
C:\Users\User\Documents\Trash\Оаип\Lab2\Task1\Source.cpp(15,9): warning C4566: character represented by universal-character-name '\u0442' cannot be represented in the current code page (1252)
C:\Users\User\Documents\Trash\Оаип\Lab2\Task1\Source.cpp(15,9): warning C4566: character represented by universal-character-name '\u044F' cannot be represented in the current code page (1252)
C:\Users\User\Documents\Trash\Оаип\Lab2\Task1\Source.cpp(15,9): warning C4566: character represented by universal-character-name '\u0437' cannot be represented in the current code page (1252)
C:\Users\User\Documents\Trash\Оаип\Lab2\Task1\Source.cpp(15,9): warning C4566: character represented by universal-character-name '\u043C' cannot be represented in the current code page (1252)
C:\Users\User\Documents\Trash\Оаип\Lab2\Task1\Source.cpp(15,9): warning C4566: character represented by universal-character-name '\u043B' cannot be represented in the current code page (1252)
C:\Users\User\Documents\Trash\Оаип\Lab2\Task1\Source.cpp(15,9): warning C4566: character represented by universal-character-name '\u0438' cannot be represented in the current code page (1252)
C:\Users\User\Documents\Trash\Оаип\Lab2\Task1\Source.cpp(15,9): warning C4566: character represented by universal-character-name '\u0447' cannot be represented in the current code page (1252)
C:\Users\User\Documents\Trash\Оаип\Lab2\Task1\Source.cpp(15,9): warning C4566: character represented by universal-character-name '\u0440' cannot be represented in the current code page (1252)
C:\Users\User\Documents\Trash\Оаип\Lab2\Task1\Source.cpp(15,9): warning C4566: character represented by universal-character-name '\u0443' cannot be represented in the current code page (1252)
C:\Users\User\Documents\Trash\Оаип\Lab2\Task1\Source.cpp(15,9): warning C4566: character represented by universal-character-name '\u0434' cannot be represented in the current code page (1252)
  Task1.vcxproj -> C:\Users\User\Documents\Trash\Оаип\Lab2\x64\Debug\Task1.exe
